<?xml version="1.0" encoding="UTF-8"?>
<!-- Generated by org.testng.reporters.JUnitXMLReporter -->
<testsuite ignored="0" hostname="Sharknomnom" failures="0" tests="14" name="Default test" time="107.975" errors="0" timestamp="2024-06-04T20:06:04 ICT">
  <testcase classname="BCNK_User_AutoTest.Updatecode_Create_Search_Update_Lock_Unlock_Delete_USER_TestNG" name="Login" time="3.6"/>
  <testcase classname="BCNK_User_AutoTest.Updatecode_Create_Search_Update_Lock_Unlock_Delete_USER_TestNG" name="User" time="4.993"/>
  <testcase classname="BCNK_User_AutoTest.Updatecode_Create_Search_Update_Lock_Unlock_Delete_USER_TestNG" name="Create" time="20.433"/>
  <testcase classname="BCNK_User_AutoTest.Updatecode_Create_Search_Update_Lock_Unlock_Delete_USER_TestNG" name="Search" time="3.827"/>
  <testcase classname="BCNK_User_AutoTest.Updatecode_Create_Search_Update_Lock_Unlock_Delete_USER_TestNG" name="Update" time="13.903"/>
  <testcase classname="BCNK_User_AutoTest.Updatecode_Create_Search_Update_Lock_Unlock_Delete_USER_TestNG" name="User1" time="2.41"/>
  <testcase classname="BCNK_User_AutoTest.Updatecode_Create_Search_Update_Lock_Unlock_Delete_USER_TestNG" name="Search1" time="2.348"/>
  <testcase classname="BCNK_User_AutoTest.Updatecode_Create_Search_Update_Lock_Unlock_Delete_USER_TestNG" name="Lock" time="7.546"/>
  <testcase classname="BCNK_User_AutoTest.Updatecode_Create_Search_Update_Lock_Unlock_Delete_USER_TestNG" name="User2" time="2.322"/>
  <testcase classname="BCNK_User_AutoTest.Updatecode_Create_Search_Update_Lock_Unlock_Delete_USER_TestNG" name="Search2" time="2.377"/>
  <testcase classname="BCNK_User_AutoTest.Updatecode_Create_Search_Update_Lock_Unlock_Delete_USER_TestNG" name="Unlock" time="8.484"/>
  <testcase classname="BCNK_User_AutoTest.Updatecode_Create_Search_Update_Lock_Unlock_Delete_USER_TestNG" name="User3" time="2.427"/>
  <testcase classname="BCNK_User_AutoTest.Updatecode_Create_Search_Update_Lock_Unlock_Delete_USER_TestNG" name="Search3" time="2.407"/>
  <testcase classname="BCNK_User_AutoTest.Updatecode_Create_Search_Update_Lock_Unlock_Delete_USER_TestNG" name="Delete" time="6.626"/>
</testsuite> <!-- Default test -->
